{"/home/thomas/Programming/Personal/typescript-utils/src/array.ts": {"path":"/home/thomas/Programming/Personal/typescript-utils/src/array.ts","all":false,"statementMap":{"0":{"start":{"line":1,"column":0},"end":{"line":1,"column":66}},"1":{"start":{"line":2,"column":0},"end":{"line":2,"column":43}},"2":{"start":{"line":3,"column":0},"end":{"line":3,"column":46}},"3":{"start":{"line":4,"column":0},"end":{"line":4,"column":29}},"4":{"start":{"line":5,"column":0},"end":{"line":5,"column":0}},"5":{"start":{"line":6,"column":0},"end":{"line":6,"column":33}},"6":{"start":{"line":7,"column":0},"end":{"line":7,"column":18}},"7":{"start":{"line":8,"column":0},"end":{"line":8,"column":3}},"8":{"start":{"line":9,"column":0},"end":{"line":9,"column":15}},"9":{"start":{"line":10,"column":0},"end":{"line":10,"column":1}},"10":{"start":{"line":11,"column":0},"end":{"line":11,"column":0}},"11":{"start":{"line":12,"column":0},"end":{"line":12,"column":99}},"12":{"start":{"line":13,"column":0},"end":{"line":13,"column":47}},"13":{"start":{"line":14,"column":0},"end":{"line":14,"column":37}},"14":{"start":{"line":15,"column":0},"end":{"line":15,"column":19}},"15":{"start":{"line":16,"column":0},"end":{"line":16,"column":20}},"16":{"start":{"line":17,"column":0},"end":{"line":17,"column":14}},"17":{"start":{"line":18,"column":0},"end":{"line":18,"column":65}},"18":{"start":{"line":19,"column":0},"end":{"line":19,"column":64}},"19":{"start":{"line":20,"column":0},"end":{"line":20,"column":0}},"20":{"start":{"line":21,"column":0},"end":{"line":21,"column":39}},"21":{"start":{"line":22,"column":0},"end":{"line":22,"column":39}},"22":{"start":{"line":23,"column":0},"end":{"line":23,"column":53}},"23":{"start":{"line":24,"column":0},"end":{"line":24,"column":53}},"24":{"start":{"line":25,"column":0},"end":{"line":25,"column":40}},"25":{"start":{"line":26,"column":0},"end":{"line":26,"column":0}},"26":{"start":{"line":27,"column":0},"end":{"line":27,"column":58}},"27":{"start":{"line":28,"column":0},"end":{"line":28,"column":58}},"28":{"start":{"line":29,"column":0},"end":{"line":29,"column":58}},"29":{"start":{"line":30,"column":0},"end":{"line":30,"column":0}},"30":{"start":{"line":31,"column":0},"end":{"line":31,"column":10}},"31":{"start":{"line":32,"column":0},"end":{"line":32,"column":16}},"32":{"start":{"line":33,"column":0},"end":{"line":33,"column":78}},"33":{"start":{"line":34,"column":0},"end":{"line":34,"column":3}},"34":{"start":{"line":35,"column":0},"end":{"line":35,"column":1}},"35":{"start":{"line":36,"column":0},"end":{"line":36,"column":0}},"36":{"start":{"line":37,"column":0},"end":{"line":37,"column":60}},"37":{"start":{"line":38,"column":0},"end":{"line":38,"column":35}},"38":{"start":{"line":39,"column":0},"end":{"line":39,"column":1}},"39":{"start":{"line":40,"column":0},"end":{"line":40,"column":0}},"40":{"start":{"line":41,"column":0},"end":{"line":41,"column":28}},"41":{"start":{"line":42,"column":0},"end":{"line":42,"column":20}},"42":{"start":{"line":43,"column":0},"end":{"line":43,"column":14}},"43":{"start":{"line":44,"column":0},"end":{"line":44,"column":18}},"44":{"start":{"line":45,"column":0},"end":{"line":45,"column":6}},"45":{"start":{"line":46,"column":0},"end":{"line":46,"column":49}},"46":{"start":{"line":47,"column":0},"end":{"line":47,"column":54}},"47":{"start":{"line":48,"column":0},"end":{"line":48,"column":17}},"48":{"start":{"line":49,"column":0},"end":{"line":49,"column":1}},"49":{"start":{"line":50,"column":0},"end":{"line":50,"column":0}},"50":{"start":{"line":51,"column":0},"end":{"line":51,"column":33}},"51":{"start":{"line":52,"column":0},"end":{"line":52,"column":17}},"52":{"start":{"line":53,"column":0},"end":{"line":53,"column":37}},"53":{"start":{"line":54,"column":0},"end":{"line":54,"column":20}},"54":{"start":{"line":55,"column":0},"end":{"line":55,"column":57}},"55":{"start":{"line":56,"column":0},"end":{"line":56,"column":1}}},"s":{"0":1,"1":1,"2":1,"3":1,"4":1,"5":1,"6":4,"7":4,"8":1,"9":1,"10":1,"11":1,"12":1,"13":1,"14":1,"15":1,"16":1,"17":1,"18":1,"19":1,"20":1,"21":1,"22":1,"23":1,"24":1,"25":0,"26":1,"27":1,"28":1,"29":1,"30":1,"31":1,"32":1,"33":1,"34":1,"35":1,"36":1,"37":2,"38":2,"39":1,"40":1,"41":1,"42":4,"43":4,"44":4,"45":4,"46":4,"47":4,"48":4,"49":1,"50":1,"51":1,"52":4,"53":4,"54":4,"55":4},"branchMap":{"0":{"type":"branch","line":1,"loc":{"start":{"line":1,"column":65},"end":{"line":10,"column":1}},"locations":[{"start":{"line":1,"column":65},"end":{"line":10,"column":1}}]},"1":{"type":"branch","line":2,"loc":{"start":{"line":2,"column":22},"end":{"line":2,"column":38}},"locations":[{"start":{"line":2,"column":22},"end":{"line":2,"column":38}}]},"2":{"type":"branch","line":3,"loc":{"start":{"line":3,"column":22},"end":{"line":3,"column":42}},"locations":[{"start":{"line":3,"column":22},"end":{"line":3,"column":42}}]},"3":{"type":"branch","line":6,"loc":{"start":{"line":6,"column":32},"end":{"line":9,"column":9}},"locations":[{"start":{"line":6,"column":32},"end":{"line":9,"column":9}}]},"4":{"type":"branch","line":10,"loc":{"start":{"line":10,"column":0},"end":{"line":10,"column":1}},"locations":[{"start":{"line":10,"column":0},"end":{"line":10,"column":1}}]},"5":{"type":"branch","line":15,"loc":{"start":{"line":15,"column":2},"end":{"line":35,"column":1}},"locations":[{"start":{"line":15,"column":2},"end":{"line":35,"column":1}}]},"6":{"type":"branch","line":24,"loc":{"start":{"line":24,"column":34},"end":{"line":24,"column":52}},"locations":[{"start":{"line":24,"column":34},"end":{"line":24,"column":52}}]},"7":{"type":"branch","line":25,"loc":{"start":{"line":25,"column":23},"end":{"line":27,"column":8}},"locations":[{"start":{"line":25,"column":23},"end":{"line":27,"column":8}}]},"8":{"type":"branch","line":35,"loc":{"start":{"line":35,"column":0},"end":{"line":35,"column":1}},"locations":[{"start":{"line":35,"column":0},"end":{"line":35,"column":1}}]},"9":{"type":"branch","line":37,"loc":{"start":{"line":37,"column":23},"end":{"line":39,"column":1}},"locations":[{"start":{"line":37,"column":23},"end":{"line":39,"column":1}}]},"10":{"type":"branch","line":39,"loc":{"start":{"line":39,"column":0},"end":{"line":39,"column":1}},"locations":[{"start":{"line":39,"column":0},"end":{"line":39,"column":1}}]},"11":{"type":"branch","line":42,"loc":{"start":{"line":42,"column":2},"end":{"line":49,"column":1}},"locations":[{"start":{"line":42,"column":2},"end":{"line":49,"column":1}}]},"12":{"type":"branch","line":47,"loc":{"start":{"line":47,"column":20},"end":{"line":48,"column":9}},"locations":[{"start":{"line":47,"column":20},"end":{"line":48,"column":9}}]},"13":{"type":"branch","line":49,"loc":{"start":{"line":49,"column":0},"end":{"line":49,"column":1}},"locations":[{"start":{"line":49,"column":0},"end":{"line":49,"column":1}}]},"14":{"type":"branch","line":52,"loc":{"start":{"line":52,"column":2},"end":{"line":56,"column":1}},"locations":[{"start":{"line":52,"column":2},"end":{"line":56,"column":1}}]},"15":{"type":"branch","line":56,"loc":{"start":{"line":56,"column":0},"end":{"line":56,"column":1}},"locations":[{"start":{"line":56,"column":0},"end":{"line":56,"column":1}}]}},"b":{"0":[1],"1":[0],"2":[0],"3":[4],"4":[1],"5":[1],"6":[0],"7":[0],"8":[1],"9":[2],"10":[2],"11":[4],"12":[1],"13":[4],"14":[4],"15":[4]},"fnMap":{"0":{"name":"range","decl":{"start":{"line":1,"column":65},"end":{"line":10,"column":1}},"loc":{"start":{"line":1,"column":65},"end":{"line":10,"column":1}},"line":1},"1":{"name":"get","decl":{"start":{"line":10,"column":0},"end":{"line":10,"column":1}},"loc":{"start":{"line":10,"column":0},"end":{"line":10,"column":1}},"line":10},"2":{"name":"getValueAtPercentage","decl":{"start":{"line":15,"column":2},"end":{"line":35,"column":1}},"loc":{"start":{"line":15,"column":2},"end":{"line":35,"column":1}},"line":15},"3":{"name":"get","decl":{"start":{"line":35,"column":0},"end":{"line":35,"column":1}},"loc":{"start":{"line":35,"column":0},"end":{"line":35,"column":1}},"line":35},"4":{"name":"isLast","decl":{"start":{"line":37,"column":23},"end":{"line":39,"column":1}},"loc":{"start":{"line":37,"column":23},"end":{"line":39,"column":1}},"line":37},"5":{"name":"get","decl":{"start":{"line":39,"column":0},"end":{"line":39,"column":1}},"loc":{"start":{"line":39,"column":0},"end":{"line":39,"column":1}},"line":39},"6":{"name":"getNewIndex","decl":{"start":{"line":42,"column":2},"end":{"line":49,"column":1}},"loc":{"start":{"line":42,"column":2},"end":{"line":49,"column":1}},"line":42},"7":{"name":"get","decl":{"start":{"line":49,"column":0},"end":{"line":49,"column":1}},"loc":{"start":{"line":49,"column":0},"end":{"line":49,"column":1}},"line":49},"8":{"name":"isArrayOfType","decl":{"start":{"line":52,"column":2},"end":{"line":56,"column":1}},"loc":{"start":{"line":52,"column":2},"end":{"line":56,"column":1}},"line":52},"9":{"name":"get","decl":{"start":{"line":56,"column":0},"end":{"line":56,"column":1}},"loc":{"start":{"line":56,"column":0},"end":{"line":56,"column":1}},"line":56}},"f":{"0":1,"1":1,"2":1,"3":1,"4":2,"5":2,"6":4,"7":4,"8":4,"9":4}}
}
